2022-12-14 22:01:52,994 INFO  [Log] ** 
2022-12-14 22:01:52,995 INFO  [Log] ** 
2022-12-14 22:01:53,003 INFO  [Log] ############   My first test case is Login test ################ 
2022-12-14 22:01:53,003 INFO  [Log] ** 
2022-12-14 22:01:53,003 INFO  [Log] ** 
2022-12-14 22:01:53,003 INFO  [Log] My login test is going on 
2022-12-14 22:01:53,003 INFO  [Log] My test case might be failed 
2022-12-14 22:01:55,265 INFO  [Log] My test case is about to complete 
2022-12-14 22:01:55,265 INFO  [Log] ################################## 
2022-12-14 22:01:55,267 INFO  [Log] ########################################## 
2022-12-14 22:01:55,267 INFO  [Log] ############   This is my login test again ################ 
2022-12-14 22:01:55,268 INFO  [Log] ########################## 
2022-12-14 22:01:55,268 INFO  [Log] ########################################## 
2022-12-27 12:12:17,474 INFO  [Log] ** 
2022-12-27 12:12:17,475 INFO  [Log] ** 
2022-12-27 12:12:17,482 INFO  [Log] ############   My first test case is Login test ################ 
2022-12-27 12:12:17,483 INFO  [Log] ** 
2022-12-27 12:12:17,483 INFO  [Log] ** 
2022-12-27 12:12:17,483 INFO  [Log] My login test is going on 
2022-12-27 12:12:17,483 INFO  [Log] My test case might be failed 
2022-12-27 12:12:25,159 INFO  [Log] My test case is about to complete 
2022-12-27 12:12:25,159 INFO  [Log] ################################## 
2022-12-27 12:12:25,159 INFO  [Log] ########################################## 
2022-12-27 12:12:25,159 INFO  [Log] ############   This is my login test again ################ 
2022-12-27 12:12:25,159 INFO  [Log] ########################## 
2022-12-27 12:12:25,159 INFO  [Log] ########################################## 
2022-12-27 12:12:30,761 INFO  [Log] ** 
2022-12-27 12:12:30,761 INFO  [Log] ** 
2022-12-27 12:12:30,761 INFO  [Log] ############   My first test case is Login test ################ 
2022-12-27 12:12:30,761 INFO  [Log] ** 
2022-12-27 12:12:30,761 INFO  [Log] ** 
2022-12-27 12:12:30,761 INFO  [Log] My login test is going on 
2022-12-27 12:12:30,761 INFO  [Log] My test case might be failed 
2022-12-27 17:34:40,568 INFO  [Log] ** 
2022-12-27 17:34:40,570 INFO  [Log] ** 
2022-12-27 17:34:40,573 INFO  [Log] ############   My first test case is Login test ################ 
2022-12-27 17:34:40,573 INFO  [Log] ** 
2022-12-27 17:34:40,573 INFO  [Log] ** 
2022-12-27 17:34:40,573 INFO  [Log] My login test is going on 
2022-12-27 17:34:40,573 INFO  [Log] My test case might be failed 
2022-12-27 17:34:43,698 INFO  [Log] ** 
2022-12-27 17:34:43,698 INFO  [Log] ** 
2022-12-27 17:34:43,698 INFO  [Log] ############   My first test case is Login test ################ 
2022-12-27 17:34:43,698 INFO  [Log] ** 
2022-12-27 17:34:43,698 INFO  [Log] ** 
2022-12-27 17:34:43,698 INFO  [Log] My login test is going on 
2022-12-27 17:34:43,698 INFO  [Log] My test case might be failed 
2022-12-27 17:34:52,009 INFO  [Log] My test case is about to complete 
2022-12-27 17:34:52,009 INFO  [Log] ################################## 
2022-12-27 17:34:52,009 INFO  [Log] ########################################## 
2022-12-27 17:34:52,009 INFO  [Log] ############   This is my login test again ################ 
2022-12-27 17:34:52,010 INFO  [Log] ########################## 
2022-12-27 17:34:52,010 INFO  [Log] ########################################## 
2023-01-08 13:24:09,297 INFO  [Log] ** 
2023-01-08 13:24:09,297 INFO  [Log] ** 
2023-01-08 13:24:09,301 INFO  [Log] ############   My first test case is Login test ################ 
2023-01-08 13:24:09,301 INFO  [Log] ** 
2023-01-08 13:24:09,301 INFO  [Log] ** 
2023-01-08 13:24:09,302 INFO  [Log] My login test is going on 
2023-01-08 13:24:09,302 INFO  [Log] My test case might be failed 
2023-01-08 13:24:20,405 INFO  [Log] My test case is about to complete 
2023-01-08 13:24:20,406 INFO  [Log] ################################## 
2023-01-08 13:24:20,406 INFO  [Log] ########################################## 
2023-01-08 13:24:20,406 INFO  [Log] ############   This is my login test again ################ 
2023-01-08 13:24:20,406 INFO  [Log] ########################## 
2023-01-08 13:24:20,406 INFO  [Log] ########################################## 
2023-01-08 13:27:28,598 INFO  [Log] ** 
2023-01-08 13:27:28,598 INFO  [Log] ** 
2023-01-08 13:27:28,602 INFO  [Log] ############   My first test case is Login test ################ 
2023-01-08 13:27:28,602 INFO  [Log] ** 
2023-01-08 13:27:28,602 INFO  [Log] ** 
2023-01-08 13:27:28,602 INFO  [Log] My login test is going on 
2023-01-08 13:27:28,602 INFO  [Log] My test case might be failed 
2023-01-08 13:27:34,844 INFO  [Log] My test case is about to complete 
2023-01-08 13:27:34,844 INFO  [Log] ################################## 
2023-01-08 13:27:34,844 INFO  [Log] ########################################## 
2023-01-08 13:27:34,844 INFO  [Log] ############   This is my login test again ################ 
2023-01-08 13:27:34,844 INFO  [Log] ########################## 
2023-01-08 13:27:34,844 INFO  [Log] ########################################## 
2023-01-08 13:37:30,986 INFO  [Log] ** 
2023-01-08 13:37:30,987 INFO  [Log] ** 
2023-01-08 13:37:30,991 INFO  [Log] ############   My first test case is Login test ################ 
2023-01-08 13:37:30,991 INFO  [Log] ** 
2023-01-08 13:37:30,991 INFO  [Log] ** 
2023-01-08 13:37:30,991 INFO  [Log] My login test is going on 
2023-01-08 13:37:30,991 INFO  [Log] My test case might be failed 
2023-01-08 13:37:37,599 INFO  [Log] My test case is about to complete 
2023-01-08 13:37:37,599 INFO  [Log] ################################## 
2023-01-08 13:37:37,599 INFO  [Log] ########################################## 
2023-01-08 13:37:37,599 INFO  [Log] ############   This is my login test again ################ 
2023-01-08 13:37:37,599 INFO  [Log] ########################## 
2023-01-08 13:37:37,599 INFO  [Log] ########################################## 
2023-01-08 14:58:36,996 INFO  [Log] ** 
2023-01-08 14:58:36,996 INFO  [Log] ** 
2023-01-08 14:58:37,002 INFO  [Log] ############   My first test case is Login test ################ 
2023-01-08 14:58:37,002 INFO  [Log] ** 
2023-01-08 14:58:37,003 INFO  [Log] ** 
2023-01-08 14:58:37,003 INFO  [Log] My login test is going on 
2023-01-08 14:58:37,003 INFO  [Log] My test case might be failed 
2023-01-08 14:58:45,844 INFO  [Log] My test case is about to complete 
2023-01-08 14:58:45,844 INFO  [Log] ################################## 
2023-01-08 14:58:45,844 INFO  [Log] ########################################## 
2023-01-08 14:58:45,844 INFO  [Log] ############   This is my login test again ################ 
2023-01-08 14:58:45,844 INFO  [Log] ########################## 
2023-01-08 14:58:45,844 INFO  [Log] ########################################## 
2023-01-08 15:03:46,700 INFO  [Log] ** 
2023-01-08 15:03:46,700 INFO  [Log] ** 
2023-01-08 15:03:46,707 INFO  [Log] ############   My first test case is Login test ################ 
2023-01-08 15:03:46,707 INFO  [Log] ** 
2023-01-08 15:03:46,707 INFO  [Log] ** 
2023-01-08 15:03:46,707 INFO  [Log] My login test is going on 
2023-01-08 15:03:46,707 INFO  [Log] My test case might be failed 
2023-01-08 15:03:53,597 INFO  [Log] My test case is about to complete 
2023-01-08 15:03:53,597 INFO  [Log] ################################## 
2023-01-08 15:03:53,597 INFO  [Log] ########################################## 
2023-01-08 15:03:53,597 INFO  [Log] ############   This is my login test again ################ 
2023-01-08 15:03:53,597 INFO  [Log] ########################## 
2023-01-08 15:03:53,597 INFO  [Log] ########################################## 
2023-01-08 15:09:00,774 INFO  [Log] ** 
2023-01-08 15:09:00,774 INFO  [Log] ** 
2023-01-08 15:09:00,783 INFO  [Log] ############   My first test case is Login test ################ 
2023-01-08 15:09:00,783 INFO  [Log] ** 
2023-01-08 15:09:00,783 INFO  [Log] ** 
2023-01-08 15:09:00,783 INFO  [Log] My login test is going on 
2023-01-08 15:09:00,783 INFO  [Log] My test case might be failed 
2023-01-08 15:09:10,403 INFO  [Log] My test case is about to complete 
2023-01-08 15:09:10,403 INFO  [Log] ################################## 
2023-01-08 15:09:10,403 INFO  [Log] ########################################## 
2023-01-08 15:09:10,403 INFO  [Log] ############   This is my login test again ################ 
2023-01-08 15:09:10,403 INFO  [Log] ########################## 
2023-01-08 15:09:10,403 INFO  [Log] ########################################## 
2023-01-08 15:13:52,506 INFO  [Log] ** 
2023-01-08 15:13:52,506 INFO  [Log] ** 
2023-01-08 15:13:52,516 INFO  [Log] ############   My first test case is Login test ################ 
2023-01-08 15:13:52,516 INFO  [Log] ** 
2023-01-08 15:13:52,516 INFO  [Log] ** 
2023-01-08 15:13:52,516 INFO  [Log] My login test is going on 
2023-01-08 15:13:52,516 INFO  [Log] My test case might be failed 
2023-01-08 15:14:04,348 INFO  [Log] My test case is about to complete 
2023-01-08 15:14:04,348 INFO  [Log] ################################## 
2023-01-08 15:14:04,348 INFO  [Log] ########################################## 
2023-01-08 15:14:04,348 INFO  [Log] ############   This is my login test again ################ 
2023-01-08 15:14:04,348 INFO  [Log] ########################## 
2023-01-08 15:14:04,348 INFO  [Log] ########################################## 
2023-01-17 21:23:01,125 INFO  [Log] ** 
2023-01-17 21:23:01,133 INFO  [Log] ** 
2023-01-17 21:23:01,153 INFO  [Log] ############   My first test case is Login test ################ 
2023-01-17 21:23:01,157 INFO  [Log] ** 
2023-01-17 21:23:01,157 INFO  [Log] ** 
2023-01-17 21:23:01,157 INFO  [Log] My login test is going on 
2023-01-17 21:23:01,157 INFO  [Log] My test case might be failed 
2023-01-17 21:23:10,713 INFO  [Log] My test case is about to complete 
2023-01-17 21:23:10,713 INFO  [Log] ################################## 
2023-01-17 21:23:10,713 INFO  [Log] ########################################## 
2023-01-17 21:23:10,713 INFO  [Log] ############   This is my login test again ################ 
2023-01-17 21:23:10,713 INFO  [Log] ########################## 
2023-01-17 21:23:10,713 INFO  [Log] ########################################## 
2023-01-23 15:09:54,682 INFO  [Log] ** 
2023-01-23 15:09:54,683 INFO  [Log] ** 
2023-01-23 15:09:54,689 INFO  [Log] ############   My first test case is Login test ################ 
2023-01-23 15:09:54,689 INFO  [Log] ** 
2023-01-23 15:09:54,689 INFO  [Log] ** 
2023-01-23 15:09:54,689 INFO  [Log] My login test is going on 
2023-01-23 15:09:54,689 INFO  [Log] My test case might be failed 
2023-01-28 12:01:04,148 INFO  [Log] ** 
2023-01-28 12:01:04,149 INFO  [Log] ** 
2023-01-28 12:01:04,153 INFO  [Log] ############   My first test case is Login test ################ 
2023-01-28 12:01:04,153 INFO  [Log] ** 
2023-01-28 12:01:04,153 INFO  [Log] ** 
2023-01-28 12:01:04,153 INFO  [Log] My login test is going on 
2023-01-28 12:01:04,153 INFO  [Log] My test case might be failed 
2023-01-28 12:01:12,378 INFO  [Log] My test case is about to complete 
2023-01-28 12:01:12,379 INFO  [Log] ################################## 
2023-01-28 12:01:12,379 INFO  [Log] ########################################## 
2023-01-28 12:01:12,379 INFO  [Log] ############   This is my login test again ################ 
2023-01-28 12:01:12,379 INFO  [Log] ########################## 
2023-01-28 12:01:12,379 INFO  [Log] ########################################## 
2023-01-28 12:01:15,909 INFO  [Log] ** 
2023-01-28 12:01:15,909 INFO  [Log] ** 
2023-01-28 12:01:15,909 INFO  [Log] ############   My first test case is Login test ################ 
2023-01-28 12:01:15,909 INFO  [Log] ** 
2023-01-28 12:01:15,909 INFO  [Log] ** 
2023-01-28 12:01:15,909 INFO  [Log] My login test is going on 
2023-01-28 12:01:15,909 INFO  [Log] My test case might be failed 
2023-01-28 12:01:18,771 INFO  [Log] My test case is about to complete 
2023-01-28 12:01:18,771 INFO  [Log] ################################## 
2023-01-28 12:01:18,771 INFO  [Log] ########################################## 
2023-01-28 12:01:18,771 INFO  [Log] ############   This is my login test again ################ 
2023-01-28 12:01:18,771 INFO  [Log] ########################## 
2023-01-28 12:01:18,771 INFO  [Log] ########################################## 
2023-01-28 12:01:21,995 INFO  [Log] ** 
2023-01-28 12:01:21,996 INFO  [Log] ** 
2023-01-28 12:01:21,996 INFO  [Log] ############   My first test case is Login test ################ 
2023-01-28 12:01:21,996 INFO  [Log] ** 
2023-01-28 12:01:21,996 INFO  [Log] ** 
2023-01-28 12:01:21,996 INFO  [Log] My login test is going on 
2023-01-28 12:01:21,996 INFO  [Log] My test case might be failed 
2023-01-28 12:01:24,650 INFO  [Log] My test case is about to complete 
2023-01-28 12:01:24,651 INFO  [Log] ################################## 
2023-01-28 12:01:24,651 INFO  [Log] ########################################## 
2023-01-28 12:01:24,651 INFO  [Log] ############   This is my login test again ################ 
2023-01-28 12:01:24,651 INFO  [Log] ########################## 
2023-01-28 12:01:24,651 INFO  [Log] ########################################## 
2023-01-28 12:01:26,942 INFO  [Log] ** 
2023-01-28 12:01:26,942 INFO  [Log] ** 
2023-01-28 12:01:26,942 INFO  [Log] ############   My first test case is Login test ################ 
2023-01-28 12:01:26,942 INFO  [Log] ** 
2023-01-28 12:01:26,942 INFO  [Log] ** 
2023-01-28 12:01:26,942 INFO  [Log] My login test is going on 
2023-01-28 12:01:26,942 INFO  [Log] My test case might be failed 
2023-01-28 12:01:29,262 INFO  [Log] My test case is about to complete 
2023-01-28 12:01:29,262 INFO  [Log] ################################## 
2023-01-28 12:01:29,262 INFO  [Log] ########################################## 
2023-01-28 12:01:29,262 INFO  [Log] ############   This is my login test again ################ 
2023-01-28 12:01:29,262 INFO  [Log] ########################## 
2023-01-28 12:01:29,262 INFO  [Log] ########################################## 
